<?xml version="1.0" encoding="UTF-8"?>
<!-- Generated by org.testng.reporters.JUnitReportReporter -->
<testsuite hostname="Akash" failures="0" tests="1" name="module_login_test.neostox_login_Testclass_1" time="21.160" errors="0" timestamp="2022-12-01T13:35:45 IST" skipped="0">
  <testcase classname="module_login_test.neostox_login_Testclass_1" name="varifyuser" time="21.160"/>
  <system-out/>
</testsuite> <!-- module_login_test.neostox_login_Testclass_1 -->
